INFO  [2025-08-28 10:36:36,091] io.dropwizard.server.DefaultServerFactory: Registering jersey handler with root path prefix: /
INFO  [2025-08-28 10:36:36,096] io.dropwizard.server.DefaultServerFactory: Registering admin handler with root path prefix: /
INFO  [2025-08-28 10:36:36,275] io.dropwizard.server.ServerFactory: Starting App
       __      __
      / /___  / /_  _________  ____
 __  / / __ \/ __ \/ ___/ __ \/ __ \
/ /_/ / /_/ / /_/ (__  ) /_/ / / / /
\____/\____/_.___/____/\____/_/ /_/
INFO  [2025-08-28 10:36:36,436] org.eclipse.jetty.setuid.SetUIDListener: Opened application@6c65860d{HTTP/1.1, (http/1.1)}{0.0.0.0:8080}
INFO  [2025-08-28 10:36:36,436] org.eclipse.jetty.setuid.SetUIDListener: Opened admin@2d000e80{HTTP/1.1, (http/1.1)}{0.0.0.0:8081}
INFO  [2025-08-28 10:36:36,438] org.eclipse.jetty.server.Server: jetty-9.4.29.v20200521; built: 2020-05-21T17:20:40.598Z; git: 77c232aed8a45c818fd27232278d9f95a021095e; jvm 21.0.8+9-Ubuntu-0ubuntu124.04.1
INFO  [2025-08-28 10:36:37,174] io.dropwizard.jersey.DropwizardResourceConfig: The following paths were found for the configured resources:

    GET     / (com.github.jobson.resources.RootResource)
    GET     /v1 (com.github.jobson.resources.v1.V1RootResource)
    GET     /v1/jobs (com.github.jobson.resources.v1.JobResource)
    POST    /v1/jobs (com.github.jobson.resources.v1.JobResource)
    DELETE  /v1/jobs/{job-id} (com.github.jobson.resources.v1.JobResource)
    GET     /v1/jobs/{job-id} (com.github.jobson.resources.v1.JobResource)
    POST    /v1/jobs/{job-id}/abort (com.github.jobson.resources.v1.JobResource)
    GET     /v1/jobs/{job-id}/inputs (com.github.jobson.resources.v1.JobResource)
    GET     /v1/jobs/{job-id}/outputs (com.github.jobson.resources.v1.JobResource)
    GET     /v1/jobs/{job-id}/outputs/{output-id} (com.github.jobson.resources.v1.JobResource)
    GET     /v1/jobs/{job-id}/spec (com.github.jobson.resources.v1.JobResource)
    GET     /v1/jobs/{job-id}/stderr (com.github.jobson.resources.v1.JobResource)
    GET     /v1/jobs/{job-id}/stdout (com.github.jobson.resources.v1.JobResource)
    GET     /v1/specs (com.github.jobson.resources.v1.JobSpecResource)
    GET     /v1/specs/{job-spec-id} (com.github.jobson.resources.v1.JobSpecResource)
    GET     /v1/users/current (com.github.jobson.resources.v1.UserResource)

INFO  [2025-08-28 10:36:37,178] org.eclipse.jetty.server.handler.ContextHandler: Started i.d.j.MutableServletContextHandler@7fd987ef{/,null,AVAILABLE}
INFO  [2025-08-28 10:36:37,186] io.dropwizard.setup.AdminEnvironment: tasks = 

    POST    /tasks/log-level (io.dropwizard.servlets.tasks.LogConfigurationTask)
    POST    /tasks/gc (io.dropwizard.servlets.tasks.GarbageCollectionTask)

INFO  [2025-08-28 10:36:37,192] org.eclipse.jetty.server.handler.ContextHandler: Started i.d.j.MutableServletContextHandler@5b88b8e{/,null,AVAILABLE}
INFO  [2025-08-28 10:36:37,202] org.eclipse.jetty.server.AbstractConnector: Started application@6c65860d{HTTP/1.1, (http/1.1)}{0.0.0.0:8080}
INFO  [2025-08-28 10:36:37,203] org.eclipse.jetty.server.AbstractConnector: Started admin@2d000e80{HTTP/1.1, (http/1.1)}{0.0.0.0:8081}
INFO  [2025-08-28 10:36:37,203] org.eclipse.jetty.server.Server: Started @2897ms
0:0:0:0:0:0:0:1 - - [28/Aug/2025:10:36:37 +0000] "GET /v1 HTTP/1.1" 200 184 "-" "curl/8.5.0" 124
0:0:0:0:0:0:0:1 - - [28/Aug/2025:10:36:39 +0000] "GET / HTTP/1.1" 200 63 "-" "curl/8.5.0" 24
0:0:0:0:0:0:0:1 - - [28/Aug/2025:10:36:39 +0000] "GET / HTTP/1.1" 200 63 "-" "curl/8.5.0" 3
0:0:0:0:0:0:0:1 - - [28/Aug/2025:10:36:39 +0000] "GET /v1 HTTP/1.1" 200 184 "-" "curl/8.5.0" 6
0:0:0:0:0:0:0:1 - - [28/Aug/2025:10:36:39 +0000] "GET /v1 HTTP/1.1" 200 184 "-" "curl/8.5.0" 3
ERROR [2025-08-28 10:36:40,007] io.dropwizard.jersey.errors.LoggingExceptionMapper: Error handling a request: d978ab51849fbbe6
! com.fasterxml.jackson.databind.exc.InvalidTypeIdException: Could not resolve type id 'integer' as a subtype of `com.github.jobson.jobinputs.JobExpectedInput<java.lang.Object>`: known type ids = [double, file, file[], float, int, long, select, sql, string, string[]] (for POJO property 'expectedInputs')
!  at [Source: (StringReader); line: 6, column: 11] (through reference chain: com.github.jobson.specs.JobSpec["expectedInputs"]->java.util.ArrayList[0])
! at com.fasterxml.jackson.databind.exc.InvalidTypeIdException.from(InvalidTypeIdException.java:43)
! at com.fasterxml.jackson.databind.DeserializationContext.invalidTypeIdException(DeserializationContext.java:1761)
! at com.fasterxml.jackson.databind.DeserializationContext.handleUnknownTypeId(DeserializationContext.java:1268)
! at com.fasterxml.jackson.databind.jsontype.impl.TypeDeserializerBase._handleUnknownTypeId(TypeDeserializerBase.java:290)
! at com.fasterxml.jackson.databind.jsontype.impl.TypeDeserializerBase._findDeserializer(TypeDeserializerBase.java:162)
! at com.fasterxml.jackson.databind.jsontype.impl.AsPropertyTypeDeserializer._deserializeTypedForId(AsPropertyTypeDeserializer.java:113)
! at com.fasterxml.jackson.databind.jsontype.impl.AsPropertyTypeDeserializer.deserializeTypedFromObject(AsPropertyTypeDeserializer.java:97)
! at com.fasterxml.jackson.databind.deser.AbstractDeserializer.deserializeWithType(AbstractDeserializer.java:254)
! at com.fasterxml.jackson.databind.deser.std.CollectionDeserializer.deserialize(CollectionDeserializer.java:288)
! at com.fasterxml.jackson.databind.deser.std.CollectionDeserializer.deserialize(CollectionDeserializer.java:245)
! at com.fasterxml.jackson.databind.deser.std.CollectionDeserializer.deserialize(CollectionDeserializer.java:27)
! at com.fasterxml.jackson.databind.deser.impl.FieldProperty.deserializeAndSet(FieldProperty.java:138)
! at com.fasterxml.jackson.databind.deser.BeanDeserializer.vanillaDeserialize(BeanDeserializer.java:288)
! at com.fasterxml.jackson.databind.deser.BeanDeserializer.deserialize(BeanDeserializer.java:151)
! at com.fasterxml.jackson.databind.ObjectMapper._readMapAndClose(ObjectMapper.java:4218)
! at com.fasterxml.jackson.databind.ObjectMapper.readValue(ObjectMapper.java:3214)
! at com.fasterxml.jackson.databind.ObjectMapper.readValue(ObjectMapper.java:3182)
! at com.github.jobson.Helpers.readYAML(Helpers.java:297)
! at com.github.jobson.Helpers.readYAML(Helpers.java:302)
! at com.github.jobson.Helpers.readYAML(Helpers.java:306)
! at com.github.jobson.dao.specs.FilesystemJobSpecDAO.loadJobSpec(FilesystemJobSpecDAO.java:57)
! ... 78 common frames omitted
! Causing: java.lang.RuntimeException: com.fasterxml.jackson.databind.exc.InvalidTypeIdException: Could not resolve type id 'integer' as a subtype of `com.github.jobson.jobinputs.JobExpectedInput<java.lang.Object>`: known type ids = [double, file, file[], float, int, long, select, sql, string, string[]] (for POJO property 'expectedInputs')
!  at [Source: (StringReader); line: 6, column: 11] (through reference chain: com.github.jobson.specs.JobSpec["expectedInputs"]->java.util.ArrayList[0])
! at com.github.jobson.dao.specs.FilesystemJobSpecDAO.loadJobSpec(FilesystemJobSpecDAO.java:67)
! at com.github.jobson.dao.specs.FilesystemJobSpecDAO.lambda$getJobSpecSummaries$0(FilesystemJobSpecDAO.java:130)
! at java.base/java.util.stream.ReferencePipeline$3$1.accept(ReferencePipeline.java:197)
! at java.base/java.util.stream.ReferencePipeline$3$1.accept(ReferencePipeline.java:197)
! at java.base/java.util.Spliterators$ArraySpliterator.tryAdvance(Spliterators.java:1034)
! at java.base/java.util.stream.ReferencePipeline.forEachWithCancel(ReferencePipeline.java:129)
! at java.base/java.util.stream.AbstractPipeline.copyIntoWithCancel(AbstractPipeline.java:527)
! at java.base/java.util.stream.AbstractPipeline.copyInto(AbstractPipeline.java:513)
! at java.base/java.util.stream.AbstractPipeline.wrapAndCopyInto(AbstractPipeline.java:499)
! at java.base/java.util.stream.ReduceOps$ReduceOp.evaluateSequential(ReduceOps.java:921)
! at java.base/java.util.stream.AbstractPipeline.evaluate(AbstractPipeline.java:234)
! at java.base/java.util.stream.ReferencePipeline.collect(ReferencePipeline.java:682)
! at com.github.jobson.dao.specs.FilesystemJobSpecDAO.getJobSpecSummaries(FilesystemJobSpecDAO.java:137)
! at com.github.jobson.dao.specs.FilesystemJobSpecDAO.getJobSpecSummaries(FilesystemJobSpecDAO.java:116)
! at com.github.jobson.resources.v1.JobSpecResource.fetchJobSpecSummaries(JobSpecResource.java:113)
! at java.base/jdk.internal.reflect.DirectMethodHandleAccessor.invoke(DirectMethodHandleAccessor.java:103)
! at java.base/java.lang.reflect.Method.invoke(Method.java:580)
! at org.glassfish.jersey.server.model.internal.ResourceMethodInvocationHandlerFactory.lambda$static$0(ResourceMethodInvocationHandlerFactory.java:52)
! at org.glassfish.jersey.server.model.internal.AbstractJavaResourceMethodDispatcher$1.run(AbstractJavaResourceMethodDispatcher.java:124)
! at org.glassfish.jersey.server.model.internal.AbstractJavaResourceMethodDispatcher.invoke(AbstractJavaResourceMethodDispatcher.java:167)
! at org.glassfish.jersey.server.model.internal.JavaResourceMethodDispatcherProvider$TypeOutInvoker.doDispatch(JavaResourceMethodDispatcherProvider.java:219)
! at org.glassfish.jersey.server.model.internal.AbstractJavaResourceMethodDispatcher.dispatch(AbstractJavaResourceMethodDispatcher.java:79)
! at org.glassfish.jersey.server.model.ResourceMethodInvoker.invoke(ResourceMethodInvoker.java:469)
! at org.glassfish.jersey.server.model.ResourceMethodInvoker.apply(ResourceMethodInvoker.java:391)
! at org.glassfish.jersey.server.model.ResourceMethodInvoker.apply(ResourceMethodInvoker.java:80)
! at org.glassfish.jersey.server.ServerRuntime$1.run(ServerRuntime.java:253)
! at org.glassfish.jersey.internal.Errors$1.call(Errors.java:248)
! at org.glassfish.jersey.internal.Errors$1.call(Errors.java:244)
! at org.glassfish.jersey.internal.Errors.process(Errors.java:292)
! at org.glassfish.jersey.internal.Errors.process(Errors.java:274)
! at org.glassfish.jersey.internal.Errors.process(Errors.java:244)
! at org.glassfish.jersey.process.internal.RequestScope.runInScope(RequestScope.java:265)
! at org.glassfish.jersey.server.ServerRuntime.process(ServerRuntime.java:232)
! at org.glassfish.jersey.server.ApplicationHandler.handle(ApplicationHandler.java:680)
! at org.glassfish.jersey.servlet.WebComponent.serviceImpl(WebComponent.java:394)
! at org.glassfish.jersey.servlet.WebComponent.service(WebComponent.java:346)
! at org.glassfish.jersey.servlet.ServletContainer.service(ServletContainer.java:366)
! at org.glassfish.jersey.servlet.ServletContainer.service(ServletContainer.java:319)
! at org.glassfish.jersey.servlet.ServletContainer.service(ServletContainer.java:205)
! at io.dropwizard.jetty.NonblockingServletHolder.handle(NonblockingServletHolder.java:50)
! at org.eclipse.jetty.servlet.ServletHandler$CachedChain.doFilter(ServletHandler.java:1631)
! at io.dropwizard.servlets.ThreadNameFilter.doFilter(ThreadNameFilter.java:35)
! at org.eclipse.jetty.servlet.ServletHandler$CachedChain.doFilter(ServletHandler.java:1618)
! at io.dropwizard.jersey.filter.AllowedMethodsFilter.handle(AllowedMethodsFilter.java:47)
! at io.dropwizard.jersey.filter.AllowedMethodsFilter.doFilter(AllowedMethodsFilter.java:41)
! at org.eclipse.jetty.servlet.ServletHandler$CachedChain.doFilter(ServletHandler.java:1618)
! at org.eclipse.jetty.websocket.server.WebSocketUpgradeFilter.doFilter(WebSocketUpgradeFilter.java:226)
! at org.eclipse.jetty.servlet.ServletHandler$CachedChain.doFilter(ServletHandler.java:1618)
! at org.eclipse.jetty.servlet.ServletHandler.doHandle(ServletHandler.java:549)
! at org.eclipse.jetty.server.handler.ScopedHandler.nextHandle(ScopedHandler.java:233)
! at org.eclipse.jetty.server.handler.ContextHandler.doHandle(ContextHandler.java:1369)
! at org.eclipse.jetty.server.handler.ScopedHandler.nextScope(ScopedHandler.java:188)
! at org.eclipse.jetty.servlet.ServletHandler.doScope(ServletHandler.java:489)
! at org.eclipse.jetty.server.handler.ScopedHandler.nextScope(ScopedHandler.java:186)
! at org.eclipse.jetty.server.handler.ContextHandler.doScope(ContextHandler.java:1284)
! at org.eclipse.jetty.server.handler.ScopedHandler.handle(ScopedHandler.java:141)
! at org.eclipse.jetty.server.handler.HandlerWrapper.handle(HandlerWrapper.java:127)
! at com.codahale.metrics.jetty9.InstrumentedHandler.handle(InstrumentedHandler.java:249)
! at io.dropwizard.jetty.RoutingHandler.handle(RoutingHandler.java:52)
! at org.eclipse.jetty.server.handler.gzip.GzipHandler.handle(GzipHandler.java:767)
! at org.eclipse.jetty.server.handler.RequestLogHandler.handle(RequestLogHandler.java:54)
! at org.eclipse.jetty.server.handler.StatisticsHandler.handle(StatisticsHandler.java:173)
! at org.eclipse.jetty.server.handler.HandlerWrapper.handle(HandlerWrapper.java:127)
! at org.eclipse.jetty.server.Server.handle(Server.java:501)
! at org.eclipse.jetty.server.HttpChannel.lambda$handle$1(HttpChannel.java:383)
! at org.eclipse.jetty.server.HttpChannel.dispatch(HttpChannel.java:556)
! at org.eclipse.jetty.server.HttpChannel.handle(HttpChannel.java:375)
! at org.eclipse.jetty.server.HttpConnection.onFillable(HttpConnection.java:273)
! at org.eclipse.jetty.io.AbstractConnection$ReadCallback.succeeded(AbstractConnection.java:311)
! at org.eclipse.jetty.io.FillInterest.fillable(FillInterest.java:103)
! at org.eclipse.jetty.io.ChannelEndPoint$1.run(ChannelEndPoint.java:104)
! at org.eclipse.jetty.util.thread.strategy.EatWhatYouKill.runTask(EatWhatYouKill.java:336)
! at org.eclipse.jetty.util.thread.strategy.EatWhatYouKill.doProduce(EatWhatYouKill.java:313)
! at org.eclipse.jetty.util.thread.strategy.EatWhatYouKill.tryProduce(EatWhatYouKill.java:171)
! at org.eclipse.jetty.util.thread.strategy.EatWhatYouKill.run(EatWhatYouKill.java:129)
! at org.eclipse.jetty.util.thread.ReservedThreadExecutor$ReservedThread.run(ReservedThreadExecutor.java:375)
! at org.eclipse.jetty.util.thread.QueuedThreadPool.runJob(QueuedThreadPool.java:806)
! at org.eclipse.jetty.util.thread.QueuedThreadPool$Runner.run(QueuedThreadPool.java:938)
! at java.base/java.lang.Thread.run(Thread.java:1583)
0:0:0:0:0:0:0:1 - - [28/Aug/2025:10:36:40 +0000] "GET /v1/specs HTTP/1.1" 500 121 "-" "curl/8.5.0" 85
ERROR [2025-08-28 10:36:40,110] io.dropwizard.jersey.errors.LoggingExceptionMapper: Error handling a request: a34647e94f6bf997
! com.fasterxml.jackson.databind.exc.InvalidTypeIdException: Could not resolve type id 'integer' as a subtype of `com.github.jobson.jobinputs.JobExpectedInput<java.lang.Object>`: known type ids = [double, file, file[], float, int, long, select, sql, string, string[]] (for POJO property 'expectedInputs')
!  at [Source: (StringReader); line: 6, column: 11] (through reference chain: com.github.jobson.specs.JobSpec["expectedInputs"]->java.util.ArrayList[0])
! at com.fasterxml.jackson.databind.exc.InvalidTypeIdException.from(InvalidTypeIdException.java:43)
! at com.fasterxml.jackson.databind.DeserializationContext.invalidTypeIdException(DeserializationContext.java:1761)
! at com.fasterxml.jackson.databind.DeserializationContext.handleUnknownTypeId(DeserializationContext.java:1268)
! at com.fasterxml.jackson.databind.jsontype.impl.TypeDeserializerBase._handleUnknownTypeId(TypeDeserializerBase.java:290)
! at com.fasterxml.jackson.databind.jsontype.impl.TypeDeserializerBase._findDeserializer(TypeDeserializerBase.java:162)
! at com.fasterxml.jackson.databind.jsontype.impl.AsPropertyTypeDeserializer._deserializeTypedForId(AsPropertyTypeDeserializer.java:113)
! at com.fasterxml.jackson.databind.jsontype.impl.AsPropertyTypeDeserializer.deserializeTypedFromObject(AsPropertyTypeDeserializer.java:97)
! at com.fasterxml.jackson.databind.deser.AbstractDeserializer.deserializeWithType(AbstractDeserializer.java:254)
! at com.fasterxml.jackson.databind.deser.std.CollectionDeserializer.deserialize(CollectionDeserializer.java:288)
! at com.fasterxml.jackson.databind.deser.std.CollectionDeserializer.deserialize(CollectionDeserializer.java:245)
! at com.fasterxml.jackson.databind.deser.std.CollectionDeserializer.deserialize(CollectionDeserializer.java:27)
! at com.fasterxml.jackson.databind.deser.impl.FieldProperty.deserializeAndSet(FieldProperty.java:138)
! at com.fasterxml.jackson.databind.deser.BeanDeserializer.vanillaDeserialize(BeanDeserializer.java:288)
! at com.fasterxml.jackson.databind.deser.BeanDeserializer.deserialize(BeanDeserializer.java:151)
! at com.fasterxml.jackson.databind.ObjectMapper._readMapAndClose(ObjectMapper.java:4218)
! at com.fasterxml.jackson.databind.ObjectMapper.readValue(ObjectMapper.java:3214)
! at com.fasterxml.jackson.databind.ObjectMapper.readValue(ObjectMapper.java:3182)
! at com.github.jobson.Helpers.readYAML(Helpers.java:297)
! at com.github.jobson.Helpers.readYAML(Helpers.java:302)
! at com.github.jobson.Helpers.readYAML(Helpers.java:306)
! at com.github.jobson.dao.specs.FilesystemJobSpecDAO.loadJobSpec(FilesystemJobSpecDAO.java:57)
! ... 78 common frames omitted
! Causing: java.lang.RuntimeException: com.fasterxml.jackson.databind.exc.InvalidTypeIdException: Could not resolve type id 'integer' as a subtype of `com.github.jobson.jobinputs.JobExpectedInput<java.lang.Object>`: known type ids = [double, file, file[], float, int, long, select, sql, string, string[]] (for POJO property 'expectedInputs')
!  at [Source: (StringReader); line: 6, column: 11] (through reference chain: com.github.jobson.specs.JobSpec["expectedInputs"]->java.util.ArrayList[0])
! at com.github.jobson.dao.specs.FilesystemJobSpecDAO.loadJobSpec(FilesystemJobSpecDAO.java:67)
! at com.github.jobson.dao.specs.FilesystemJobSpecDAO.lambda$getJobSpecSummaries$0(FilesystemJobSpecDAO.java:130)
! at java.base/java.util.stream.ReferencePipeline$3$1.accept(ReferencePipeline.java:197)
! at java.base/java.util.stream.ReferencePipeline$3$1.accept(ReferencePipeline.java:197)
! at java.base/java.util.Spliterators$ArraySpliterator.tryAdvance(Spliterators.java:1034)
! at java.base/java.util.stream.ReferencePipeline.forEachWithCancel(ReferencePipeline.java:129)
! at java.base/java.util.stream.AbstractPipeline.copyIntoWithCancel(AbstractPipeline.java:527)
! at java.base/java.util.stream.AbstractPipeline.copyInto(AbstractPipeline.java:513)
! at java.base/java.util.stream.AbstractPipeline.wrapAndCopyInto(AbstractPipeline.java:499)
! at java.base/java.util.stream.ReduceOps$ReduceOp.evaluateSequential(ReduceOps.java:921)
! at java.base/java.util.stream.AbstractPipeline.evaluate(AbstractPipeline.java:234)
! at java.base/java.util.stream.ReferencePipeline.collect(ReferencePipeline.java:682)
! at com.github.jobson.dao.specs.FilesystemJobSpecDAO.getJobSpecSummaries(FilesystemJobSpecDAO.java:137)
! at com.github.jobson.dao.specs.FilesystemJobSpecDAO.getJobSpecSummaries(FilesystemJobSpecDAO.java:116)
! at com.github.jobson.resources.v1.JobSpecResource.fetchJobSpecSummaries(JobSpecResource.java:113)
! at java.base/jdk.internal.reflect.DirectMethodHandleAccessor.invoke(DirectMethodHandleAccessor.java:103)
! at java.base/java.lang.reflect.Method.invoke(Method.java:580)
! at org.glassfish.jersey.server.model.internal.ResourceMethodInvocationHandlerFactory.lambda$static$0(ResourceMethodInvocationHandlerFactory.java:52)
! at org.glassfish.jersey.server.model.internal.AbstractJavaResourceMethodDispatcher$1.run(AbstractJavaResourceMethodDispatcher.java:124)
! at org.glassfish.jersey.server.model.internal.AbstractJavaResourceMethodDispatcher.invoke(AbstractJavaResourceMethodDispatcher.java:167)
! at org.glassfish.jersey.server.model.internal.JavaResourceMethodDispatcherProvider$TypeOutInvoker.doDispatch(JavaResourceMethodDispatcherProvider.java:219)
! at org.glassfish.jersey.server.model.internal.AbstractJavaResourceMethodDispatcher.dispatch(AbstractJavaResourceMethodDispatcher.java:79)
! at org.glassfish.jersey.server.model.ResourceMethodInvoker.invoke(ResourceMethodInvoker.java:469)
! at org.glassfish.jersey.server.model.ResourceMethodInvoker.apply(ResourceMethodInvoker.java:391)
! at org.glassfish.jersey.server.model.ResourceMethodInvoker.apply(ResourceMethodInvoker.java:80)
! at org.glassfish.jersey.server.ServerRuntime$1.run(ServerRuntime.java:253)
! at org.glassfish.jersey.internal.Errors$1.call(Errors.java:248)
! at org.glassfish.jersey.internal.Errors$1.call(Errors.java:244)
! at org.glassfish.jersey.internal.Errors.process(Errors.java:292)
! at org.glassfish.jersey.internal.Errors.process(Errors.java:274)
! at org.glassfish.jersey.internal.Errors.process(Errors.java:244)
! at org.glassfish.jersey.process.internal.RequestScope.runInScope(RequestScope.java:265)
! at org.glassfish.jersey.server.ServerRuntime.process(ServerRuntime.java:232)
! at org.glassfish.jersey.server.ApplicationHandler.handle(ApplicationHandler.java:680)
! at org.glassfish.jersey.servlet.WebComponent.serviceImpl(WebComponent.java:394)
! at org.glassfish.jersey.servlet.WebComponent.service(WebComponent.java:346)
! at org.glassfish.jersey.servlet.ServletContainer.service(ServletContainer.java:366)
! at org.glassfish.jersey.servlet.ServletContainer.service(ServletContainer.java:319)
! at org.glassfish.jersey.servlet.ServletContainer.service(ServletContainer.java:205)
! at io.dropwizard.jetty.NonblockingServletHolder.handle(NonblockingServletHolder.java:50)
! at org.eclipse.jetty.servlet.ServletHandler$CachedChain.doFilter(ServletHandler.java:1631)
! at io.dropwizard.servlets.ThreadNameFilter.doFilter(ThreadNameFilter.java:35)
! at org.eclipse.jetty.servlet.ServletHandler$CachedChain.doFilter(ServletHandler.java:1618)
! at io.dropwizard.jersey.filter.AllowedMethodsFilter.handle(AllowedMethodsFilter.java:47)
! at io.dropwizard.jersey.filter.AllowedMethodsFilter.doFilter(AllowedMethodsFilter.java:41)
! at org.eclipse.jetty.servlet.ServletHandler$CachedChain.doFilter(ServletHandler.java:1618)
! at org.eclipse.jetty.websocket.server.WebSocketUpgradeFilter.doFilter(WebSocketUpgradeFilter.java:226)
! at org.eclipse.jetty.servlet.ServletHandler$CachedChain.doFilter(ServletHandler.java:1618)
! at org.eclipse.jetty.servlet.ServletHandler.doHandle(ServletHandler.java:549)
! at org.eclipse.jetty.server.handler.ScopedHandler.nextHandle(ScopedHandler.java:233)
! at org.eclipse.jetty.server.handler.ContextHandler.doHandle(ContextHandler.java:1369)
! at org.eclipse.jetty.server.handler.ScopedHandler.nextScope(ScopedHandler.java:188)
! at org.eclipse.jetty.servlet.ServletHandler.doScope(ServletHandler.java:489)
! at org.eclipse.jetty.server.handler.ScopedHandler.nextScope(ScopedHandler.java:186)
! at org.eclipse.jetty.server.handler.ContextHandler.doScope(ContextHandler.java:1284)
! at org.eclipse.jetty.server.handler.ScopedHandler.handle(ScopedHandler.java:141)
! at org.eclipse.jetty.server.handler.HandlerWrapper.handle(HandlerWrapper.java:127)
! at com.codahale.metrics.jetty9.InstrumentedHandler.handle(InstrumentedHandler.java:249)
! at io.dropwizard.jetty.RoutingHandler.handle(RoutingHandler.java:52)
! at org.eclipse.jetty.server.handler.gzip.GzipHandler.handle(GzipHandler.java:767)
! at org.eclipse.jetty.server.handler.RequestLogHandler.handle(RequestLogHandler.java:54)
! at org.eclipse.jetty.server.handler.StatisticsHandler.handle(StatisticsHandler.java:173)
! at org.eclipse.jetty.server.handler.HandlerWrapper.handle(HandlerWrapper.java:127)
! at org.eclipse.jetty.server.Server.handle(Server.java:501)
! at org.eclipse.jetty.server.HttpChannel.lambda$handle$1(HttpChannel.java:383)
! at org.eclipse.jetty.server.HttpChannel.dispatch(HttpChannel.java:556)
! at org.eclipse.jetty.server.HttpChannel.handle(HttpChannel.java:375)
! at org.eclipse.jetty.server.HttpConnection.onFillable(HttpConnection.java:273)
! at org.eclipse.jetty.io.AbstractConnection$ReadCallback.succeeded(AbstractConnection.java:311)
! at org.eclipse.jetty.io.FillInterest.fillable(FillInterest.java:103)
! at org.eclipse.jetty.io.ChannelEndPoint$1.run(ChannelEndPoint.java:104)
! at org.eclipse.jetty.util.thread.strategy.EatWhatYouKill.runTask(EatWhatYouKill.java:336)
! at org.eclipse.jetty.util.thread.strategy.EatWhatYouKill.doProduce(EatWhatYouKill.java:313)
! at org.eclipse.jetty.util.thread.strategy.EatWhatYouKill.tryProduce(EatWhatYouKill.java:171)
! at org.eclipse.jetty.util.thread.strategy.EatWhatYouKill.run(EatWhatYouKill.java:129)
! at org.eclipse.jetty.util.thread.ReservedThreadExecutor$ReservedThread.run(ReservedThreadExecutor.java:375)
! at org.eclipse.jetty.util.thread.QueuedThreadPool.runJob(QueuedThreadPool.java:806)
! at org.eclipse.jetty.util.thread.QueuedThreadPool$Runner.run(QueuedThreadPool.java:938)
! at java.base/java.lang.Thread.run(Thread.java:1583)
0:0:0:0:0:0:0:1 - - [28/Aug/2025:10:36:40 +0000] "GET /v1/specs HTTP/1.1" 500 121 "-" "curl/8.5.0" 10
0:0:0:0:0:0:0:1 - - [28/Aug/2025:10:36:40 +0000] "GET /v1/specs/echo HTTP/1.1" 200 244 "-" "curl/8.5.0" 33
0:0:0:0:0:0:0:1 - - [28/Aug/2025:10:36:40 +0000] "GET /v1/specs/echo HTTP/1.1" 200 244 "-" "curl/8.5.0" 6
0:0:0:0:0:0:0:1 - - [28/Aug/2025:10:36:40 +0000] "GET /v1/jobs HTTP/1.1" 200 39 "-" "curl/8.5.0" 19
0:0:0:0:0:0:0:1 - - [28/Aug/2025:10:36:40 +0000] "GET /v1/jobs HTTP/1.1" 200 39 "-" "curl/8.5.0" 4
0:0:0:0:0:0:0:1 - - [28/Aug/2025:10:36:40 +0000] "GET /v1/users/current HTTP/1.1" 200 20 "-" "curl/8.5.0" 8
0:0:0:0:0:0:0:1 - - [28/Aug/2025:10:36:40 +0000] "GET /v1/users/current HTTP/1.1" 200 20 "-" "curl/8.5.0" 4
INFO  [2025-08-28 10:36:40,805] com.github.jobson.jobs.LocalJobExecutor: dqphhfgoh3: launched: echo Hello from test
0:0:0:0:0:0:0:1 - - [28/Aug/2025:10:36:40 +0000] "POST /v1/jobs HTTP/1.1" 200 373 "-" "curl/8.5.0" 195
INFO  [2025-08-28 10:36:40,888] org.eclipse.jetty.server.AbstractConnector: Stopped application@6c65860d{HTTP/1.1, (http/1.1)}{0.0.0.0:8080}
INFO  [2025-08-28 10:36:40,891] org.eclipse.jetty.server.AbstractConnector: Stopped admin@2d000e80{HTTP/1.1, (http/1.1)}{0.0.0.0:8081}
INFO  [2025-08-28 10:36:40,894] org.eclipse.jetty.server.handler.ContextHandler: Stopped i.d.j.MutableServletContextHandler@5b88b8e{/,null,UNAVAILABLE}
INFO  [2025-08-28 10:36:40,928] org.eclipse.jetty.server.handler.ContextHandler: Stopped i.d.j.MutableServletContextHandler@7fd987ef{/,null,UNAVAILABLE}
