=> Booting Puma
=> Rails 8.0.2.1 application starting in development 
=> Run `bin/rails server --help` for more startup options
Puma starting in single mode...
* Puma version: 6.6.1 ("Return to Forever")
* Ruby version: ruby 3.2.3 (2024-01-18 revision 52bb2ac0a6) [x86_64-linux-gnu]
*  Min threads: 3
*  Max threads: 3
*  Environment: development
*          PID: 9864
* Listening on http://127.0.0.1:3000
* Listening on http://[::1]:3000
Use Ctrl-C to stop
Started GET "/api/v1" for ::1 at 2025-08-28 10:36:39 +0000
Processing by Api::V1::RootController#index as */*
Completed 200 OK in 6ms (Views: 0.4ms | GC: 0.0ms)


Started GET "/" for ::1 at 2025-08-28 10:36:39 +0000
Processing by Api::V1::RootController#index as */*
Completed 200 OK in 0ms (Views: 0.2ms | GC: 0.0ms)


Started GET "/" for ::1 at 2025-08-28 10:36:39 +0000
Processing by Api::V1::RootController#index as */*
Completed 200 OK in 0ms (Views: 0.1ms | GC: 0.0ms)


Started GET "/api/v1" for ::1 at 2025-08-28 10:36:39 +0000
Processing by Api::V1::RootController#index as */*
Completed 200 OK in 0ms (Views: 0.2ms | GC: 0.0ms)


Started GET "/api/v1" for ::1 at 2025-08-28 10:36:39 +0000
Processing by Api::V1::RootController#index as */*
Completed 200 OK in 0ms (Views: 0.2ms | GC: 0.0ms)


Started GET "/api/v1/specs" for ::1 at 2025-08-28 10:36:40 +0000
Processing by Api::V1::JobSpecsController#index as */*
Completed 200 OK in 18ms (Views: 0.3ms | GC: 0.0ms)


Started GET "/api/v1/specs" for ::1 at 2025-08-28 10:36:40 +0000
Processing by Api::V1::JobSpecsController#index as */*
Completed 200 OK in 1ms (Views: 0.2ms | GC: 0.0ms)


Started GET "/api/v1/specs/echo" for ::1 at 2025-08-28 10:36:40 +0000
Processing by Api::V1::JobSpecsController#show as */*
  Parameters: {"id"=>"echo"}
Completed 200 OK in 1ms (Views: 0.2ms | GC: 0.0ms)


Started GET "/api/v1/specs/echo" for ::1 at 2025-08-28 10:36:40 +0000
Processing by Api::V1::JobSpecsController#show as */*
  Parameters: {"id"=>"echo"}
Completed 200 OK in 1ms (Views: 0.2ms | GC: 0.0ms)


Started GET "/api/v1/jobs" for ::1 at 2025-08-28 10:36:40 +0000
Processing by Api::V1::JobsController#index as */*
Completed 200 OK in 2ms (Views: 0.2ms | GC: 0.0ms)


Started GET "/api/v1/jobs" for ::1 at 2025-08-28 10:36:40 +0000
Processing by Api::V1::JobsController#index as */*
Completed 200 OK in 1ms (Views: 0.2ms | GC: 0.0ms)


Started GET "/api/v1/users/current" for ::1 at 2025-08-28 10:36:40 +0000
Processing by Api::V1::UsersController#current as */*
Completed 200 OK in 0ms (Views: 0.2ms | GC: 0.0ms)


Started GET "/api/v1/users/current" for ::1 at 2025-08-28 10:36:40 +0000
Processing by Api::V1::UsersController#current as */*
Completed 200 OK in 0ms (Views: 0.1ms | GC: 0.0ms)


Started POST "/api/v1/jobs" for ::1 at 2025-08-28 10:36:40 +0000
Processing by Api::V1::JobsController#create as */*
  Parameters: {"spec"=>"echo", "name"=>"Test Job", "inputs"=>{"message"=>"Hello from test"}, "job"=>{"spec"=>"echo", "name"=>"Test Job", "inputs"=>{"message"=>"Hello from test"}}}
[ActiveJob] Enqueued JobExecutorJob (Job ID: 836c9314-c590-4f5b-bd54-2c6ef65e5cff) to Async(default) with arguments: "afz723w9"
[ActiveJob] ↳ app/models/job.rb:81:in `create'
Completed 201 Created in 15ms (Views: 0.2ms | GC: 0.0ms)


[ActiveJob] [JobExecutorJob] [836c9314-c590-4f5b-bd54-2c6ef65e5cff] Performing JobExecutorJob (Job ID: 836c9314-c590-4f5b-bd54-2c6ef65e5cff) from Async(default) enqueued at 2025-08-28T10:36:40.855511080Z with arguments: "afz723w9"
[ActiveJob] [JobExecutorJob] [836c9314-c590-4f5b-bd54-2c6ef65e5cff] [ActionCable] Broadcasting to job_events: {:job_id=>"afz723w9", :status=>"RUNNING", :timestamp=>"2025-08-28T10:36:40+00:00"}
[ActiveJob] [JobExecutorJob] [836c9314-c590-4f5b-bd54-2c6ef65e5cff] Executing command: echo Hello from test
[ActiveJob] [JobExecutorJob] [836c9314-c590-4f5b-bd54-2c6ef65e5cff] With inputs: {"message"=>"Hello from test"}
[ActiveJob] [JobExecutorJob] [836c9314-c590-4f5b-bd54-2c6ef65e5cff] [ActionCable] Broadcasting to job_afz723w9_stdout: {:data=>"Hello from test\n", :timestamp=>"2025-08-28T10:36:40+00:00"}
[ActiveJob] [JobExecutorJob] [836c9314-c590-4f5b-bd54-2c6ef65e5cff] [ActionCable] Broadcasting to job_events: {:job_id=>"afz723w9", :status=>"FINISHED", :timestamp=>"2025-08-28T10:36:40+00:00"}
[ActiveJob] [JobExecutorJob] [836c9314-c590-4f5b-bd54-2c6ef65e5cff] Performed JobExecutorJob (Job ID: 836c9314-c590-4f5b-bd54-2c6ef65e5cff) from Async(default) in 22.26ms
