=> Booting Puma
=> Rails 8.0.2.1 application starting in test 
=> Run `bin/rails server --help` for more startup options
Puma starting in single mode...
* Puma version: 6.6.1 ("Return to Forever")
* Ruby version: ruby 3.2.3 (2024-01-18 revision 52bb2ac0a6) [x86_64-linux-gnu]
*  Min threads: 3
*  Max threads: 3
*  Environment: test
*          PID: 9715
* Listening on http://0.0.0.0:3000
Use Ctrl-C to stop
- Gracefully stopping, waiting for requests to finish
Exiting
- Gracefully stopping, waiting for requests to finish
bin/rails: warning: Exception in finalizer #<Proc:0x00007fb5ba7266a0 /var/lib/gems/3.2.0/gems/concurrent-ruby-1.3.5/lib/concurrent-ruby/concurrent/atomic/locals.rb:113>
/var/lib/gems/3.2.0/gems/puma-6.6.1/lib/puma/launcher.rb:447:in `block in setup_signals': SIGTERM (SignalException)
	from /var/lib/gems/3.2.0/gems/concurrent-ruby-1.3.5/lib/concurrent-ruby/concurrent/atomic/locals.rb:80:in `values'
	from /var/lib/gems/3.2.0/gems/concurrent-ruby-1.3.5/lib/concurrent-ruby/concurrent/atomic/locals.rb:80:in `block in free_index'
	from /var/lib/gems/3.2.0/gems/concurrent-ruby-1.3.5/lib/concurrent-ruby/concurrent/atomic/locals.rb:49:in `weak_synchronize'
	from /var/lib/gems/3.2.0/gems/concurrent-ruby-1.3.5/lib/concurrent-ruby/concurrent/atomic/locals.rb:72:in `free_index'
	from /var/lib/gems/3.2.0/gems/concurrent-ruby-1.3.5/lib/concurrent-ruby/concurrent/atomic/locals.rb:114:in `block in local_finalizer'
